[debug] [2023-08-17T09:08:45.082Z] ----------------------------------------------------------------------
[debug] [2023-08-17T09:08:45.085Z] Command:       C:\Program Files\nodejs\node.exe C:\Users\KITO KESSIAN\AppData\Roaming\npm\node_modules\firebase-tools\lib\bin\firebase.js init
[debug] [2023-08-17T09:08:45.085Z] CLI Version:   12.4.7
[debug] [2023-08-17T09:08:45.086Z] Platform:      win32
[debug] [2023-08-17T09:08:45.086Z] Node Version:  v18.17.0
[debug] [2023-08-17T09:08:45.087Z] Time:          Thu Aug 17 2023 11:08:45 GMT+0200 (South Africa Standard Time)
[debug] [2023-08-17T09:08:45.087Z] ----------------------------------------------------------------------
[debug] 
[debug] [2023-08-17T09:08:45.183Z] > command requires scopes: ["email","openid","https://www.googleapis.com/auth/cloudplatformprojects.readonly","https://www.googleapis.com/auth/firebase","https://www.googleapis.com/auth/cloud-platform"]
[debug] [2023-08-17T09:08:45.184Z] > authorizing via signed-in user (kitokessian07@gmail.com)
[info] 
     ######## #### ########  ######## ########     ###     ######  ########
     ##        ##  ##     ## ##       ##     ##  ##   ##  ##       ##
     ######    ##  ########  ######   ########  #########  ######  ######
     ##        ##  ##    ##  ##       ##     ## ##     ##       ## ##
     ##       #### ##     ## ######## ########  ##     ##  ######  ########

You're about to initialize a Firebase project in this directory:

  C:\Users\KITO KESSIAN\Desktop\REACT PROJECTS\portfolio-project

Before we get started, keep in mind:

  * You are initializing within an existing Firebase project directory

